# turn 1
o 125 103 w
o 113 74 w
o 98 72 n
o 3 1 w
o 86 111 s
o 9 115 w
o 104 58 n
# turn 2
o 125 102 w
o 113 73 w
o 103 58 n
o 3 0 w
o 97 72 n
o 87 111 s
o 9 114 w
# turn 3
o 3 143 w
o 113 72 s
o 9 115 w
o 88 111 s
o 9 113 w
o 96 72 n
o 102 58 n
o 125 101 n
# turn 4
o 124 101 n
o 95 72 n
o 9 112 w
o 101 58 n
o 89 111 s
o 9 114 w
o 114 72 n
o 3 142 w
# turn 5
o 90 111 w
o 113 72 w
o 9 111 w
o 3 141 w
o 94 72 n
o 100 58 e
o 9 113 w
o 123 101 n
# turn 6
o 90 110 s
o 9 110 w
o 93 72 e
o 113 71 w
o 100 59 n
o 9 112 w
o 122 101 w
o 3 140 w
# turn 7
o 9 109 w
o 113 70 e
o 91 110 s
o 9 111 w
o 93 73 e
o 3 139 w
o 122 100 n
o 99 59 e
# turn 8
o 9 110 w
o 121 100 e
o 113 71 n
o 3 138 w
o 93 74 w
o 99 60 e
o 92 110 s
o 9 108 w
# turn 9
o 9 109 w
o 93 73 s
o 3 137 w
o 9 107 w
o 121 101 n
o 99 61 e
o 93 110 e
o 112 71 n
# turn 10
o 9 106 w
o 94 73 s
o 120 101 n
o 99 62 e
o 3 136 n
o 111 71 n
o 93 111 e
o 9 108 w
# turn 11
o 119 101 w
o 95 73 s
o 2 136 w
o 110 71 w
o 9 105 w
o 99 63 e
o 9 107 w
o 93 112 e
# turn 12
o 2 135 n
o 93 113 n
o 119 100 n
o 99 64 n
o 9 104 w
o 110 70 n
o 9 106 w
o 96 73 s
# turn 13
o 92 113 n
o 118 100 e
o 9 105 w
o 109 70 n
o 98 64 e
o 97 73 e
o 1 135 n
o 9 103 w
# turn 14
o 9 104 w
o 108 70 e
o 98 65 n
o 118 101 n
o 91 113 w
o 0 135 w
o 97 74 w
o 9 102 w
# turn 15
o 117 101 n
o 108 71 n
o 91 112 n
o 0 134 n
o 97 73 s
o 9 101 n
o 97 65 n
o 9 103 w
# turn 16
o 96 65 w
o 107 71 n
o 98 73 s
o 8 101 s
o 143 134 w
o 116 101 n
o 90 112 w
# turn 17
o 90 111 w
o 96 64 w
o 106 71 n
o 115 101 n
o 99 73 e
o 143 133 w
o 9 102 s
# turn 18
o 90 110 s
o 99 74 e
o 10 102 s
o 96 63 w
o 143 132 s
o 9 101 n
o 114 101 w
o 105 71 e
# turn 19
o 91 110 s
o 105 72 e
o 99 75 e
o 114 100 n
o 0 132 s
o 96 62 w
o 8 101 s
o 11 102 s
# turn 20
o 99 76 n
o 12 102 s
o 1 132 e
o 105 73 n
o 92 110 s
o 9 101 e
o 96 61 w
o 113 100 w
# turn 21
o 104 73 s
o 13 102 s
o 1 133 s
o 113 99 w
o 98 76 n
o 93 110 e
o 9 102 e
o 96 60 s
# turn 22
o 97 76 e
o 105 73 e
o 14 102 s
o 113 98 w
o 97 60 n
o 2 133 s
o 93 111 e
o 9 103 n
# turn 23
o 97 77 n
o 113 97 w
o 105 74 e
o 15 102 s
o 8 103 e
o 3 133 s
o 93 112 e
o 96 60 w
# turn 24
o 16 102 s
o 96 59 w
o 93 113 n
o 4 133 s
o 113 96 w
o 96 77 n
o 8 104 s
o 105 75 e
# turn 25
o 92 113 n
o 5 133 s
o 9 104 e
o 113 95 w
o 95 77 w
o 17 102 s
o 105 76 e
o 96 58 w
# turn 26
o 105 77 n
o 96 57 e
o 113 94 w
o 9 105 e
o 95 76 e
o 18 102 s
o 6 133 s
o 91 113 w
# turn 27
o 91 112 n
o 95 77 n
o 96 58 n
o 19 102 s
o 113 93 w
o 9 106 n
o 7 133 w
o 104 77 n
# turn 28
o 113 92 s
o 103 77 n
o 8 106 s
o 95 58 n
o 7 132 s
o 20 102 s
o 90 112 w
o 94 77 n
# turn 29
o 90 111 w
o 94 58 n
o 9 106 e
o 93 77 w
o 102 77 n
o 21 102 s
o 114 92 s
o 8 132 s
# turn 30
o 90 110 s
o 115 92 w
o 101 77 w
o 93 76 e
o 9 107 e
o 9 132 e
o 22 102 s
o 93 58 n
# turn 31
o 91 110 s
o 101 76 w
o 115 91 s
o 93 77 n
o 9 133 e
o 92 58 w
o 23 102 s
o 9 108 n
# turn 32
o 8 108 s
o 24 102 w
o 101 75 w
o 92 57 e
o 92 110 s
o 92 77 n
o 9 134 n
o 116 91 s
# turn 33
o 101 74 w
o 117 91 s
o 24 101 s
o 91 77 w
o 92 58 n
o 93 110 e
o 8 134 e
o 9 108 e
# turn 34
o 9 109 e
o 91 58 n
o 101 73 s
o 25 101 n
o 91 76 e
o 118 91 e
o 8 135 e
o 93 111 e
# turn 35
o 102 73 n
o 9 110 e
o 90 58 w
o 24 101 w
o 91 77 n
o 8 136 e
o 118 92 w
o 93 112 e
# turn 36
o 93 113 n
o 101 73 w
o 9 111 e
o 24 100 w
o 8 137 e
o 118 91 s
o 90 77 n
o 90 57 w
# turn 37
o 90 56 w
o 92 113 n
o 24 99 s
o 8 138 e
o 9 112 n
o 119 91 s
o 89 77 w
o 101 72 w
# turn 38
o 25 99 w
o 8 139 e
o 101 71 s
o 89 76 w
o 90 55 s
o 91 113 w
o 8 112 s
o 120 91 w
