# turn 1
o 117 52 e
o 30 3 n
o 129 24 w
o 14 12 s
o 87 46 s
o 121 129 s
o 16 141 w
# turn 2
o 117 53 e
o 29 3 n
o 129 23 w
o 88 46 s
o 122 129 s
o 16 140 w
o 15 12 w
# turn 3
o 117 54 e
o 28 3 w
o 129 22 w
o 89 46 w
o 123 129 w
o 16 139 s
o 15 11 n
o 16 141 n
# turn 4
o 117 55 e
o 28 2 w
o 129 21 w
o 89 45 w
o 123 128 s
o 17 139 w
o 14 11 w
o 15 141 w
# turn 5
o 28 1 w
o 129 20 w
o 89 44 s
o 124 128 w
o 17 138 s
o 15 140 s
o 14 10 s
o 117 56 s
# turn 6
o 28 0 n
o 129 19 w
o 90 44 w
o 124 127 w
o 18 138 s
o 118 56 w
o 129 24 s
o 15 10 w
o 16 140 w
# turn 7
o 27 0 w
o 90 43 w
o 118 55 s
o 130 24 s
o 16 139 n
o 124 126 s
o 129 18 w
o 15 9 s
o 19 138 n
# turn 8
o 27 143 n
o 90 42 s
o 119 55 w
o 131 24 w
o 15 139 e
o 30 3 w
o 16 9 w
o 117 52 s
o 14 12 w
o 125 126 e
o 129 17 w
o 18 138 w
# turn 9
o 26 143 n
o 119 54 w
o 131 23 w
o 15 140 e
o 14 11 w
o 30 2 n
o 118 52 s
o 16 8 w
o 91 42 n
o 18 137 n
o 125 127 e
o 129 16 w
# turn 10
o 25 143 n
o 119 53 s
o 131 22 w
o 15 141 e
o 90 42 n
o 17 137 n
o 125 128 e
o 129 15 w
o 119 52 s
o 14 10 s
o 29 2 w
o 16 7 s
# turn 11
o 24 143 n
o 120 53 s
o 15 142 n
o 16 137 w
o 89 42 n
o 125 129 e
o 17 7 w
o 129 14 w
o 131 21 s
o 29 1 w
o 15 10 s
o 120 52 s
# turn 12
o 23 143 w
o 121 53 s
o 14 142 n
o 16 136 n
o 17 6 w
o 16 10 w
o 129 13 w
o 29 0 w
o 125 130 e
o 121 52 s
o 132 21 w
o 88 42 n
# turn 13
o 23 142 n
o 122 53 s
o 13 142 n
o 15 136 n
o 17 5 w
o 132 20 n
o 122 52 s
o 87 42 s
o 129 12 w
o 16 9 w
o 125 131 e
o 29 143 n
# turn 14
o 22 142 n
o 123 53 s
o 12 142 n
o 16 8 s
o 131 20 w
o 88 42 s
o 28 143 n
o 123 52 s
o 125 132 e
o 129 11 s
o 14 136 s
o 17 4 n
# turn 15
o 21 142 w
o 124 53 s
o 11 142 e
o 131 19 w
o 89 42 s
o 17 8 n
o 16 4 n
o 27 143 n
o 130 11 w
o 124 52 w
o 15 136 s
o 125 133 n
# turn 16
o 125 53 s
o 11 143 e
o 131 18 w
o 90 42 w
o 26 143 n
o 124 133 s
o 16 136 s
o 16 8 w
o 130 10 s
o 15 4 w
o 21 141 w
o 124 51 e
# turn 17
o 126 53 w
o 11 0 n
o 131 17 s
o 90 41 w
o 25 143 w
o 17 136 n
o 15 3 e
o 131 10 s
o 124 52 w
o 121 129 e
o 21 140 w
o 125 133 e
o 16 7 w
# turn 18
o 126 52 s
o 10 0 e
o 90 40 w
o 25 142 n
o 16 136 e
o 15 4 n
o 125 134 e
o 132 10 s
o 16 6 w
o 132 17 e
o 121 130 e
o 21 139 n
o 124 51 e
# turn 19
o 127 52 s
o 10 1 e
o 24 142 w
o 16 137 n
o 133 10 s
o 125 135 e
o 16 5 w
o 14 4 n
o 20 139 n
o 124 52 s
o 132 18 w
o 90 39 n
o 121 131 e
# turn 20
o 128 52 w
o 10 2 e
o 15 137 e
o 89 39 n
o 134 10 s
o 125 136 s
o 121 132 e
o 16 4 n
o 13 4 n
o 132 17 n
o 125 52 s
o 24 141 e
o 19 139 w
# turn 21
o 128 51 s
o 10 3 e
o 15 138 e
o 131 17 n
o 19 138 s
o 88 39 s
o 121 133 s
o 126 136 e
o 24 142 n
o 12 4 n
o 135 10 s
o 126 52 w
o 15 4 w
# turn 22
o 10 4 n
o 15 139 e
o 20 138 s
o 136 10 n
o 11 4 s
o 15 3 e
o 126 137 w
o 122 133 n
o 89 39 n
o 23 142 n
o 129 51 e
o 126 51 e
o 130 17 w
# turn 23
o 9 4 n
o 15 140 n
o 21 138 s
o 12 4 s
o 121 133 n
o 22 142 n
o 130 16 w
o 135 10 s
o 88 39 s
o 126 136 e
o 126 52 s
o 15 4 w
o 129 52 w
# turn 24
o 8 4 e
o 22 138 w
o 13 4 s
o 120 133 w
o 21 142 n
o 15 3 e
o 136 10 s
o 130 15 w
o 89 39 s
o 14 140 s
o 129 51 e
o 127 52 s
o 126 137 n
# turn 25
o 8 5 e
o 22 137 s
o 120 132 w
o 15 4 e
o 129 52 s
o 125 137 e
o 15 140 n
o 128 52 w
o 14 4 n
o 137 10 s
o 90 39 n
o 130 14 s
o 20 142 e
# turn 26
o 23 137 w
o 120 131 w
o 15 5 n
o 130 52 s
o 125 138 e
o 138 10 s
o 13 4 n
o 14 140 s
o 89 39 s
o 8 6 w
o 20 143 s
o 128 51 s
o 131 14 w
# turn 27
o 23 136 s
o 120 130 w
o 14 5 e
o 131 52 e
o 15 140 s
o 139 10 s
o 21 143 s
o 129 51 e
o 131 13 w
o 125 139 w
o 12 4 n
o 90 39 n
o 8 5 w
# turn 28
o 14 6 n
o 131 53 s
o 16 140 s
o 129 52 e
o 89 39 n
o 24 136 s
o 125 138 e
o 22 143 s
o 131 12 s
o 120 129 s
o 11 4 n
o 8 4 s
o 140 10 s
# turn 29
o 13 6 n
o 88 39 s
o 10 4 w
o 129 53 w
o 141 10 s
o 9 4 n
o 87 46 s
o 132 12 w
o 23 143 w
o 17 140 w
o 132 53 n
o 25 136 s
o 125 139 w
o 16 141 n
o 121 129 s
# turn 30
o 12 6 e
o 131 53 n
o 129 24 s
o 15 141 e
o 122 129 s
o 17 139 e
o 125 138 e
o 89 39 s
o 88 46 s
o 23 142 e
o 142 10 s
o 132 11 s
o 10 3 w
o 129 52 s
o 8 4 s
# turn 31
o 123 129 s
o 9 4 n
o 133 11 s
o 12 7 w
o 130 52 s
o 143 10 w
o 125 139 w
o 89 46 w
o 23 143 n
o 17 140 n
o 90 39 n
o 130 24 w
o 15 142 e
o 130 53 s
o 10 2 w
# turn 32
o 89 39 n
o 131 53 s
o 134 11 s
o 125 138 e
o 131 52 w
o 22 143 e
o 12 6 n
o 130 23 w
o 89 45 w
o 124 129 e
o 10 1 n
o 143 9 n
o 8 4 s
o 15 143 e
o 16 140 n
# turn 33
o 15 140 e
o 9 1 e
o 88 39 s
o 15 0 n
o 89 44 w
o 125 139 w
o 124 130 e
o 130 22 w
o 131 51 e
o 9 4 w
o 132 53 n
o 135 11 w
o 142 9 s
o 22 0 e
o 11 6 w
# turn 34
o 9 2 n
o 131 53 e
o 15 141 e
o 11 5 n
o 131 52 w
o 130 21 w
o 9 3 e
o 125 138 e
o 124 131 s
o 89 39 s
o 89 43 s
o 14 0 n
o 135 10 s
o 143 9 n
o 22 1 n
# turn 35
o 136 10 s
o 10 5 n
o 8 2 s
o 131 54 w
o 21 1 w
o 130 20 s
o 125 139 w
o 90 43 w
o 131 51 e
o 9 4 w
o 125 131 e
o 90 39 n
o 15 142 e
o 142 9 s
o 13 0 n
# turn 36
o 89 39 n
o 143 9 n
o 21 0 e
o 12 0 n
o 9 2 n
o 131 20 w
o 131 52 w
o 9 3 s
o 125 138 e
o 137 10 s
o 90 42 w
o 9 5 n
o 125 132 e
o 131 53 s
o 15 143 e
# turn 37
o 10 3 s
o 8 2 s
o 88 39 s
o 138 10 s
o 8 5 w
o 15 0 n
o 90 41 w
o 125 139 w
o 11 0 n
o 131 19 w
o 21 1 w
o 132 53 n
o 142 9 s
o 125 133 e
o 131 51 e
# turn 38
o 125 134 e
o 139 10 s
o 21 0 e
o 9 2 n
o 131 52 w
o 125 138 e
o 11 3 n
o 89 39 s
o 90 40 s
o 131 18 w
o 14 0 n
o 143 9 n
o 10 0 n
o 131 53 s
o 8 4 e
